git-lfs/3.6.1 (GitHub; windows amd64; go 1.23.3; git ea47a34b)
git version 2.47.1.windows.2

$ git-lfs prune
Prune error: Git can't resolve ref: "HEAD"

Git can't resolve ref: "HEAD"

Current time in UTC:
2025-05-10 03:58:50

Environment:
LocalWorkingDir=
LocalGitDir=C:\Users\Acer\OneDrive\Escritorio\ejercicio_ML\CommerceML.git
LocalGitStorageDir=C:\Users\Acer\OneDrive\Escritorio\ejercicio_ML\CommerceML.git
LocalMediaDir=C:\Users\Acer\OneDrive\Escritorio\ejercicio_ML\CommerceML.git\lfs\objects
LocalReferenceDirs=
TempDir=C:\Users\Acer\OneDrive\Escritorio\ejercicio_ML\CommerceML.git\lfs\tmp
ConcurrentTransfers=8
TusTransfers=false
BasicTransfersOnly=false
SkipDownloadErrors=false
FetchRecentAlways=false
FetchRecentRefsDays=7
FetchRecentCommitsDays=0
FetchRecentRefsIncludeRemotes=true
PruneOffsetDays=3
PruneVerifyRemoteAlways=false
PruneVerifyUnreachableAlways=false
PruneRemoteName=origin
LfsStorageDir=C:\Users\Acer\OneDrive\Escritorio\ejercicio_ML\CommerceML.git\lfs
AccessDownload=none
AccessUpload=none
DownloadTransfers=basic,lfs-standalone-file,ssh
UploadTransfers=basic,lfs-standalone-file,ssh
GIT_EXEC_PATH=C:/Program Files/Git/mingw64/libexec/git-core
GIT_ASKPASS=c:\Users\Acer\AppData\Local\Programs\Microsoft VS Code\resources\app\extensions\git\dist\askpass.sh

Client IP addresses:
fe80::9b0:5d1b:581b:97cd 192.168.56.1
fe80::51e6:24b5:3a3d:225e 192.168.100.1
fe80::3337:ac4:d810:c80c 192.168.1.101
